{"D:\\GoIT\\21\\HomeWorks\\NODE\\nodejs-homework-rest-api\\src\\controllers\\contacts.js": {"path":"D:\\GoIT\\21\\HomeWorks\\NODE\\nodejs-homework-rest-api\\src\\controllers\\contacts.js","statementMap":{"0":{"start":{"line":1,"column":21},"end":{"line":1,"column":52}},"1":{"start":{"line":2,"column":28},"end":{"line":2,"column":50}},"2":{"start":{"line":3,"column":24},"end":{"line":3,"column":45}},"3":{"start":{"line":5,"column":15},"end":{"line":22,"column":1}},"4":{"start":{"line":6,"column":2},"end":{"line":21,"column":3}},"5":{"start":{"line":7,"column":19},"end":{"line":7,"column":30}},"6":{"start":{"line":8,"column":17},"end":{"line":8,"column":64}},"7":{"start":{"line":10,"column":6},"end":{"line":10,"column":75}},"8":{"start":{"line":11,"column":4},"end":{"line":18,"column":7}},"9":{"start":{"line":20,"column":4},"end":{"line":20,"column":12}},"10":{"start":{"line":24,"column":16},"end":{"line":47,"column":1}},"11":{"start":{"line":25,"column":2},"end":{"line":46,"column":3}},"12":{"start":{"line":26,"column":19},"end":{"line":26,"column":30}},"13":{"start":{"line":27,"column":20},"end":{"line":27,"column":69}},"14":{"start":{"line":28,"column":4},"end":{"line":43,"column":5}},"15":{"start":{"line":29,"column":6},"end":{"line":36,"column":9}},"16":{"start":{"line":38,"column":6},"end":{"line":42,"column":9}},"17":{"start":{"line":45,"column":4},"end":{"line":45,"column":12}},"18":{"start":{"line":49,"column":15},"end":{"line":68,"column":1}},"19":{"start":{"line":50,"column":2},"end":{"line":67,"column":3}},"20":{"start":{"line":51,"column":19},"end":{"line":51,"column":30}},"21":{"start":{"line":52,"column":20},"end":{"line":56,"column":5}},"22":{"start":{"line":57,"column":4},"end":{"line":64,"column":7}},"23":{"start":{"line":66,"column":4},"end":{"line":66,"column":12}},"24":{"start":{"line":70,"column":15},"end":{"line":93,"column":1}},"25":{"start":{"line":71,"column":2},"end":{"line":92,"column":3}},"26":{"start":{"line":72,"column":19},"end":{"line":72,"column":30}},"27":{"start":{"line":73,"column":20},"end":{"line":73,"column":78}},"28":{"start":{"line":74,"column":4},"end":{"line":89,"column":5}},"29":{"start":{"line":75,"column":6},"end":{"line":82,"column":9}},"30":{"start":{"line":84,"column":6},"end":{"line":88,"column":9}},"31":{"start":{"line":91,"column":4},"end":{"line":91,"column":12}},"32":{"start":{"line":95,"column":15},"end":{"line":122,"column":1}},"33":{"start":{"line":96,"column":2},"end":{"line":121,"column":3}},"34":{"start":{"line":97,"column":19},"end":{"line":97,"column":30}},"35":{"start":{"line":98,"column":20},"end":{"line":98,"column":78}},"36":{"start":{"line":99,"column":4},"end":{"line":118,"column":5}},"37":{"start":{"line":100,"column":6},"end":{"line":111,"column":9}},"38":{"start":{"line":113,"column":6},"end":{"line":117,"column":9}},"39":{"start":{"line":120,"column":4},"end":{"line":120,"column":12}},"40":{"start":{"line":124,"column":0},"end":{"line":130,"column":2}}},"fnMap":{"0":{"name":"(anonymous_0)","decl":{"start":{"line":5,"column":15},"end":{"line":5,"column":16}},"loc":{"start":{"line":5,"column":41},"end":{"line":22,"column":1}},"line":5},"1":{"name":"(anonymous_1)","decl":{"start":{"line":24,"column":16},"end":{"line":24,"column":17}},"loc":{"start":{"line":24,"column":42},"end":{"line":47,"column":1}},"line":24},"2":{"name":"(anonymous_2)","decl":{"start":{"line":49,"column":15},"end":{"line":49,"column":16}},"loc":{"start":{"line":49,"column":41},"end":{"line":68,"column":1}},"line":49},"3":{"name":"(anonymous_3)","decl":{"start":{"line":70,"column":15},"end":{"line":70,"column":16}},"loc":{"start":{"line":70,"column":41},"end":{"line":93,"column":1}},"line":70},"4":{"name":"(anonymous_4)","decl":{"start":{"line":95,"column":15},"end":{"line":95,"column":16}},"loc":{"start":{"line":95,"column":41},"end":{"line":122,"column":1}},"line":95}},"branchMap":{"0":{"loc":{"start":{"line":10,"column":6},"end":{"line":10,"column":75}},"type":"cond-expr","locations":[{"start":{"line":10,"column":33},"end":{"line":10,"column":48}},{"start":{"line":10,"column":51},"end":{"line":10,"column":75}}],"line":10},"1":{"loc":{"start":{"line":28,"column":4},"end":{"line":43,"column":5}},"type":"if","locations":[{"start":{"line":28,"column":4},"end":{"line":43,"column":5}},{"start":{"line":28,"column":4},"end":{"line":43,"column":5}}],"line":28},"2":{"loc":{"start":{"line":74,"column":4},"end":{"line":89,"column":5}},"type":"if","locations":[{"start":{"line":74,"column":4},"end":{"line":89,"column":5}},{"start":{"line":74,"column":4},"end":{"line":89,"column":5}}],"line":74},"3":{"loc":{"start":{"line":99,"column":4},"end":{"line":118,"column":5}},"type":"if","locations":[{"start":{"line":99,"column":4},"end":{"line":118,"column":5}},{"start":{"line":99,"column":4},"end":{"line":118,"column":5}}],"line":99}},"s":{"0":1,"1":1,"2":1,"3":1,"4":2,"5":2,"6":1,"7":1,"8":1,"9":1,"10":1,"11":2,"12":2,"13":2,"14":2,"15":1,"16":1,"17":0,"18":1,"19":1,"20":1,"21":1,"22":1,"23":0,"24":1,"25":2,"26":2,"27":2,"28":2,"29":1,"30":1,"31":0,"32":1,"33":2,"34":2,"35":2,"36":2,"37":1,"38":1,"39":0,"40":1},"f":{"0":2,"1":2,"2":1,"3":2,"4":2},"b":{"0":[1,0],"1":[1,1],"2":[1,1],"3":[1,1]},"_coverageSchema":"1a1c01bbd47fc00a2c39e90264f33305004495a9","hash":"c21328a1f8b4b9f95778232252374c892403ebdc"}
,"D:\\GoIT\\21\\HomeWorks\\NODE\\nodejs-homework-rest-api\\src\\helpers\\constants.js": {"path":"D:\\GoIT\\21\\HomeWorks\\NODE\\nodejs-homework-rest-api\\src\\helpers\\constants.js","statementMap":{"0":{"start":{"line":1,"column":17},"end":{"line":11,"column":1}},"1":{"start":{"line":13,"column":16},"end":{"line":13,"column":35}},"2":{"start":{"line":15,"column":12},"end":{"line":15,"column":38}},"3":{"start":{"line":17,"column":22},"end":{"line":17,"column":48}},"4":{"start":{"line":19,"column":12},"end":{"line":23,"column":1}},"5":{"start":{"line":25,"column":0},"end":{"line":25,"column":64}}},"fnMap":{},"branchMap":{},"s":{"0":1,"1":1,"2":1,"3":1,"4":1,"5":1},"f":{},"b":{},"_coverageSchema":"1a1c01bbd47fc00a2c39e90264f33305004495a9","hash":"e7fc32566f8f05d7bdc3e220c923e71a7af9714c"}
}
