{"D:\\GoIT\\21\\HomeWorks\\NODE\\nodejs-homework-rest-api\\app.js": {"path":"D:\\GoIT\\21\\HomeWorks\\NODE\\nodejs-homework-rest-api\\app.js","statementMap":{"0":{"start":{"line":1,"column":16},"end":{"line":1,"column":34}},"1":{"start":{"line":2,"column":15},"end":{"line":2,"column":32}},"2":{"start":{"line":3,"column":13},"end":{"line":3,"column":28}},"3":{"start":{"line":4,"column":15},"end":{"line":4,"column":32}},"4":{"start":{"line":5,"column":11},"end":{"line":5,"column":24}},"5":{"start":{"line":6,"column":13},"end":{"line":6,"column":28}},"6":{"start":{"line":8,"column":26},"end":{"line":8,"column":60}},"7":{"start":{"line":9,"column":23},"end":{"line":9,"column":58}},"8":{"start":{"line":10,"column":24},"end":{"line":10,"column":63}},"9":{"start":{"line":11,"column":20},"end":{"line":11,"column":46}},"10":{"start":{"line":12,"column":23},"end":{"line":12,"column":52}},"11":{"start":{"line":14,"column":24},"end":{"line":17,"column":1}},"12":{"start":{"line":19,"column":12},"end":{"line":19,"column":21}},"13":{"start":{"line":20,"column":0},"end":{"line":20,"column":58}},"14":{"start":{"line":22,"column":22},"end":{"line":22,"column":72}},"15":{"start":{"line":23,"column":0},"end":{"line":23,"column":31}},"16":{"start":{"line":24,"column":0},"end":{"line":24,"column":57}},"17":{"start":{"line":25,"column":0},"end":{"line":25,"column":18}},"18":{"start":{"line":26,"column":0},"end":{"line":26,"column":16}},"19":{"start":{"line":27,"column":0},"end":{"line":27,"column":46}},"20":{"start":{"line":29,"column":0},"end":{"line":29,"column":29}},"21":{"start":{"line":30,"column":0},"end":{"line":30,"column":35}},"22":{"start":{"line":31,"column":0},"end":{"line":31,"column":41}},"23":{"start":{"line":33,"column":0},"end":{"line":39,"column":3}},"24":{"start":{"line":34,"column":2},"end":{"line":38,"column":5}},"25":{"start":{"line":41,"column":0},"end":{"line":49,"column":3}},"26":{"start":{"line":42,"column":2},"end":{"line":42,"column":72}},"27":{"start":{"line":43,"column":2},"end":{"line":48,"column":5}},"28":{"start":{"line":51,"column":0},"end":{"line":51,"column":21}}},"fnMap":{"0":{"name":"(anonymous_0)","decl":{"start":{"line":33,"column":8},"end":{"line":33,"column":9}},"loc":{"start":{"line":33,"column":29},"end":{"line":39,"column":1}},"line":33},"1":{"name":"(anonymous_1)","decl":{"start":{"line":41,"column":8},"end":{"line":41,"column":9}},"loc":{"start":{"line":41,"column":35},"end":{"line":49,"column":1}},"line":41}},"branchMap":{"0":{"loc":{"start":{"line":22,"column":22},"end":{"line":22,"column":72}},"type":"cond-expr","locations":[{"start":{"line":22,"column":57},"end":{"line":22,"column":62}},{"start":{"line":22,"column":65},"end":{"line":22,"column":72}}],"line":22},"1":{"loc":{"start":{"line":42,"column":15},"end":{"line":42,"column":71}},"type":"cond-expr","locations":[{"start":{"line":42,"column":28},"end":{"line":42,"column":38}},{"start":{"line":42,"column":41},"end":{"line":42,"column":71}}],"line":42},"2":{"loc":{"start":{"line":44,"column":12},"end":{"line":44,"column":49}},"type":"cond-expr","locations":[{"start":{"line":44,"column":33},"end":{"line":44,"column":39}},{"start":{"line":44,"column":42},"end":{"line":44,"column":49}}],"line":44},"3":{"loc":{"start":{"line":47,"column":10},"end":{"line":47,"column":65}},"type":"cond-expr","locations":[{"start":{"line":47,"column":31},"end":{"line":47,"column":54}},{"start":{"line":47,"column":57},"end":{"line":47,"column":65}}],"line":47}},"s":{"0":1,"1":1,"2":1,"3":1,"4":1,"5":1,"6":1,"7":1,"8":1,"9":1,"10":1,"11":1,"12":1,"13":1,"14":1,"15":1,"16":1,"17":1,"18":1,"19":1,"20":1,"21":1,"22":1,"23":1,"24":0,"25":1,"26":12,"27":12,"28":1},"f":{"0":0,"1":12},"b":{"0":[0,1],"1":[12,0],"2":[0,12],"3":[0,12]},"_coverageSchema":"1a1c01bbd47fc00a2c39e90264f33305004495a9","hash":"09c083ea080e6081251784f6a45d7442bb39bebf"}
,"D:\\GoIT\\21\\HomeWorks\\NODE\\nodejs-homework-rest-api\\src\\api\\contacts\\index.js": {"path":"D:\\GoIT\\21\\HomeWorks\\NODE\\nodejs-homework-rest-api\\src\\api\\contacts\\index.js","statementMap":{"0":{"start":{"line":1,"column":16},"end":{"line":1,"column":34}},"1":{"start":{"line":2,"column":27},"end":{"line":2,"column":64}},"2":{"start":{"line":3,"column":15},"end":{"line":3,"column":31}},"3":{"start":{"line":8,"column":4},"end":{"line":8,"column":40}},"4":{"start":{"line":9,"column":14},"end":{"line":9,"column":44}},"5":{"start":{"line":11,"column":0},"end":{"line":27,"column":71}},"6":{"start":{"line":29,"column":0},"end":{"line":29,"column":24}}},"fnMap":{},"branchMap":{},"s":{"0":1,"1":1,"2":1,"3":1,"4":1,"5":1,"6":1},"f":{},"b":{},"_coverageSchema":"1a1c01bbd47fc00a2c39e90264f33305004495a9","hash":"8f188d861e76747df7fad0b17e012b6bb22f810e"}
,"D:\\GoIT\\21\\HomeWorks\\NODE\\nodejs-homework-rest-api\\src\\api\\users\\index.js": {"path":"D:\\GoIT\\21\\HomeWorks\\NODE\\nodejs-homework-rest-api\\src\\api\\users\\index.js","statementMap":{"0":{"start":{"line":1,"column":16},"end":{"line":1,"column":34}},"1":{"start":{"line":2,"column":24},"end":{"line":2,"column":58}},"2":{"start":{"line":3,"column":15},"end":{"line":3,"column":31}},"3":{"start":{"line":10,"column":4},"end":{"line":10,"column":37}},"4":{"start":{"line":11,"column":15},"end":{"line":11,"column":46}},"5":{"start":{"line":13,"column":14},"end":{"line":13,"column":44}},"6":{"start":{"line":14,"column":33},"end":{"line":14,"column":68}},"7":{"start":{"line":16,"column":0},"end":{"line":23,"column":55}},"8":{"start":{"line":25,"column":0},"end":{"line":27,"column":78}},"9":{"start":{"line":29,"column":0},"end":{"line":33,"column":2}},"10":{"start":{"line":35,"column":0},"end":{"line":35,"column":24}}},"fnMap":{},"branchMap":{},"s":{"0":1,"1":1,"2":1,"3":1,"4":1,"5":1,"6":1,"7":1,"8":1,"9":1,"10":1},"f":{},"b":{},"_coverageSchema":"1a1c01bbd47fc00a2c39e90264f33305004495a9","hash":"a077326fe13ce5f73afe96029bcafb57458ba133"}
,"D:\\GoIT\\21\\HomeWorks\\NODE\\nodejs-homework-rest-api\\src\\controllers\\contacts.js": {"path":"D:\\GoIT\\21\\HomeWorks\\NODE\\nodejs-homework-rest-api\\src\\controllers\\contacts.js","statementMap":{"0":{"start":{"line":1,"column":21},"end":{"line":1,"column":52}},"1":{"start":{"line":2,"column":28},"end":{"line":2,"column":50}},"2":{"start":{"line":3,"column":24},"end":{"line":3,"column":45}},"3":{"start":{"line":5,"column":15},"end":{"line":22,"column":1}},"4":{"start":{"line":6,"column":2},"end":{"line":21,"column":3}},"5":{"start":{"line":7,"column":19},"end":{"line":7,"column":30}},"6":{"start":{"line":8,"column":17},"end":{"line":8,"column":64}},"7":{"start":{"line":10,"column":6},"end":{"line":10,"column":75}},"8":{"start":{"line":11,"column":4},"end":{"line":18,"column":7}},"9":{"start":{"line":20,"column":4},"end":{"line":20,"column":12}},"10":{"start":{"line":24,"column":16},"end":{"line":47,"column":1}},"11":{"start":{"line":25,"column":2},"end":{"line":46,"column":3}},"12":{"start":{"line":26,"column":19},"end":{"line":26,"column":30}},"13":{"start":{"line":27,"column":20},"end":{"line":27,"column":69}},"14":{"start":{"line":28,"column":4},"end":{"line":43,"column":5}},"15":{"start":{"line":29,"column":6},"end":{"line":36,"column":9}},"16":{"start":{"line":38,"column":6},"end":{"line":42,"column":9}},"17":{"start":{"line":45,"column":4},"end":{"line":45,"column":12}},"18":{"start":{"line":49,"column":15},"end":{"line":68,"column":1}},"19":{"start":{"line":50,"column":2},"end":{"line":67,"column":3}},"20":{"start":{"line":51,"column":19},"end":{"line":51,"column":30}},"21":{"start":{"line":52,"column":20},"end":{"line":56,"column":5}},"22":{"start":{"line":57,"column":4},"end":{"line":64,"column":7}},"23":{"start":{"line":66,"column":4},"end":{"line":66,"column":12}},"24":{"start":{"line":70,"column":15},"end":{"line":93,"column":1}},"25":{"start":{"line":71,"column":2},"end":{"line":92,"column":3}},"26":{"start":{"line":72,"column":19},"end":{"line":72,"column":30}},"27":{"start":{"line":73,"column":20},"end":{"line":73,"column":78}},"28":{"start":{"line":74,"column":4},"end":{"line":89,"column":5}},"29":{"start":{"line":75,"column":6},"end":{"line":82,"column":9}},"30":{"start":{"line":84,"column":6},"end":{"line":88,"column":9}},"31":{"start":{"line":91,"column":4},"end":{"line":91,"column":12}},"32":{"start":{"line":95,"column":15},"end":{"line":122,"column":1}},"33":{"start":{"line":96,"column":2},"end":{"line":121,"column":3}},"34":{"start":{"line":97,"column":19},"end":{"line":97,"column":30}},"35":{"start":{"line":98,"column":20},"end":{"line":98,"column":78}},"36":{"start":{"line":99,"column":4},"end":{"line":118,"column":5}},"37":{"start":{"line":100,"column":6},"end":{"line":111,"column":9}},"38":{"start":{"line":113,"column":6},"end":{"line":117,"column":9}},"39":{"start":{"line":120,"column":4},"end":{"line":120,"column":12}},"40":{"start":{"line":124,"column":0},"end":{"line":130,"column":2}}},"fnMap":{"0":{"name":"(anonymous_0)","decl":{"start":{"line":5,"column":15},"end":{"line":5,"column":16}},"loc":{"start":{"line":5,"column":41},"end":{"line":22,"column":1}},"line":5},"1":{"name":"(anonymous_1)","decl":{"start":{"line":24,"column":16},"end":{"line":24,"column":17}},"loc":{"start":{"line":24,"column":42},"end":{"line":47,"column":1}},"line":24},"2":{"name":"(anonymous_2)","decl":{"start":{"line":49,"column":15},"end":{"line":49,"column":16}},"loc":{"start":{"line":49,"column":41},"end":{"line":68,"column":1}},"line":49},"3":{"name":"(anonymous_3)","decl":{"start":{"line":70,"column":15},"end":{"line":70,"column":16}},"loc":{"start":{"line":70,"column":41},"end":{"line":93,"column":1}},"line":70},"4":{"name":"(anonymous_4)","decl":{"start":{"line":95,"column":15},"end":{"line":95,"column":16}},"loc":{"start":{"line":95,"column":41},"end":{"line":122,"column":1}},"line":95}},"branchMap":{"0":{"loc":{"start":{"line":10,"column":6},"end":{"line":10,"column":75}},"type":"cond-expr","locations":[{"start":{"line":10,"column":33},"end":{"line":10,"column":48}},{"start":{"line":10,"column":51},"end":{"line":10,"column":75}}],"line":10},"1":{"loc":{"start":{"line":28,"column":4},"end":{"line":43,"column":5}},"type":"if","locations":[{"start":{"line":28,"column":4},"end":{"line":43,"column":5}},{"start":{"line":28,"column":4},"end":{"line":43,"column":5}}],"line":28},"2":{"loc":{"start":{"line":74,"column":4},"end":{"line":89,"column":5}},"type":"if","locations":[{"start":{"line":74,"column":4},"end":{"line":89,"column":5}},{"start":{"line":74,"column":4},"end":{"line":89,"column":5}}],"line":74},"3":{"loc":{"start":{"line":99,"column":4},"end":{"line":118,"column":5}},"type":"if","locations":[{"start":{"line":99,"column":4},"end":{"line":118,"column":5}},{"start":{"line":99,"column":4},"end":{"line":118,"column":5}}],"line":99}},"s":{"0":2,"1":2,"2":2,"3":2,"4":3,"5":3,"6":2,"7":2,"8":2,"9":1,"10":2,"11":4,"12":4,"13":4,"14":4,"15":2,"16":2,"17":0,"18":2,"19":2,"20":2,"21":2,"22":2,"23":0,"24":2,"25":4,"26":4,"27":4,"28":4,"29":2,"30":2,"31":0,"32":2,"33":5,"34":5,"35":5,"36":5,"37":2,"38":3,"39":0,"40":2},"f":{"0":3,"1":4,"2":2,"3":4,"4":5},"b":{"0":[2,0],"1":[2,2],"2":[2,2],"3":[2,3]},"_coverageSchema":"1a1c01bbd47fc00a2c39e90264f33305004495a9","hash":"c21328a1f8b4b9f95778232252374c892403ebdc"}
,"D:\\GoIT\\21\\HomeWorks\\NODE\\nodejs-homework-rest-api\\src\\controllers\\users.js": {"path":"D:\\GoIT\\21\\HomeWorks\\NODE\\nodejs-homework-rest-api\\src\\controllers\\users.js","statementMap":{"0":{"start":{"line":1,"column":13},"end":{"line":1,"column":28}},"1":{"start":{"line":2,"column":11},"end":{"line":2,"column":33}},"2":{"start":{"line":3,"column":13},"end":{"line":3,"column":28}},"3":{"start":{"line":4,"column":0},"end":{"line":4,"column":27}},"4":{"start":{"line":6,"column":37},"end":{"line":6,"column":59}},"5":{"start":{"line":7,"column":26},"end":{"line":7,"column":57}},"6":{"start":{"line":8,"column":28},"end":{"line":8,"column":60}},"7":{"start":{"line":10,"column":20},"end":{"line":10,"column":37}},"8":{"start":{"line":11,"column":20},"end":{"line":11,"column":37}},"9":{"start":{"line":13,"column":12},"end":{"line":41,"column":1}},"10":{"start":{"line":14,"column":2},"end":{"line":40,"column":3}},"11":{"start":{"line":15,"column":22},"end":{"line":15,"column":30}},"12":{"start":{"line":16,"column":17},"end":{"line":16,"column":53}},"13":{"start":{"line":17,"column":4},"end":{"line":24,"column":5}},"14":{"start":{"line":18,"column":6},"end":{"line":23,"column":9}},"15":{"start":{"line":25,"column":20},"end":{"line":25,"column":54}},"16":{"start":{"line":26,"column":4},"end":{"line":37,"column":7}},"17":{"start":{"line":39,"column":4},"end":{"line":39,"column":14}},"18":{"start":{"line":43,"column":14},"end":{"line":72,"column":1}},"19":{"start":{"line":44,"column":2},"end":{"line":71,"column":3}},"20":{"start":{"line":45,"column":32},"end":{"line":45,"column":40}},"21":{"start":{"line":47,"column":28},"end":{"line":47,"column":72}},"22":{"start":{"line":48,"column":4},"end":{"line":64,"column":5}},"23":{"start":{"line":49,"column":6},"end":{"line":63,"column":9}},"24":{"start":{"line":65,"column":4},"end":{"line":68,"column":7}},"25":{"start":{"line":70,"column":4},"end":{"line":70,"column":12}},"26":{"start":{"line":74,"column":15},"end":{"line":78,"column":1}},"27":{"start":{"line":75,"column":13},"end":{"line":75,"column":24}},"28":{"start":{"line":76,"column":2},"end":{"line":76,"column":31}},"29":{"start":{"line":77,"column":2},"end":{"line":77,"column":48}},"30":{"start":{"line":80,"column":16},"end":{"line":93,"column":1}},"31":{"start":{"line":81,"column":2},"end":{"line":92,"column":5}},"32":{"start":{"line":95,"column":19},"end":{"line":115,"column":1}},"33":{"start":{"line":96,"column":17},"end":{"line":96,"column":28}},"34":{"start":{"line":97,"column":2},"end":{"line":114,"column":3}},"35":{"start":{"line":98,"column":17},"end":{"line":98,"column":63}},"36":{"start":{"line":100,"column":4},"end":{"line":111,"column":7}},"37":{"start":{"line":113,"column":4},"end":{"line":113,"column":12}},"38":{"start":{"line":117,"column":16},"end":{"line":132,"column":1}},"39":{"start":{"line":118,"column":2},"end":{"line":131,"column":3}},"40":{"start":{"line":119,"column":19},"end":{"line":119,"column":30}},"41":{"start":{"line":120,"column":22},"end":{"line":120,"column":59}},"42":{"start":{"line":121,"column":4},"end":{"line":121,"column":54}},"43":{"start":{"line":122,"column":4},"end":{"line":128,"column":7}},"44":{"start":{"line":130,"column":4},"end":{"line":130,"column":12}},"45":{"start":{"line":134,"column":27},"end":{"line":157,"column":1}},"46":{"start":{"line":135,"column":19},"end":{"line":135,"column":32}},"47":{"start":{"line":136,"column":24},"end":{"line":136,"column":64}},"48":{"start":{"line":137,"column":14},"end":{"line":137,"column":39}},"49":{"start":{"line":138,"column":2},"end":{"line":141,"column":26}},"50":{"start":{"line":144,"column":2},"end":{"line":144,"column":72}},"51":{"start":{"line":146,"column":2},"end":{"line":149,"column":4}},"52":{"start":{"line":151,"column":20},"end":{"line":153,"column":3}},"53":{"start":{"line":155,"column":2},"end":{"line":155,"column":35}},"54":{"start":{"line":156,"column":2},"end":{"line":156,"column":19}},"55":{"start":{"line":159,"column":25},"end":{"line":165,"column":1}},"56":{"start":{"line":160,"column":2},"end":{"line":164,"column":3}},"57":{"start":{"line":161,"column":4},"end":{"line":161,"column":74}},"58":{"start":{"line":163,"column":4},"end":{"line":163,"column":19}},"59":{"start":{"line":167,"column":0},"end":{"line":174,"column":2}}},"fnMap":{"0":{"name":"(anonymous_0)","decl":{"start":{"line":13,"column":12},"end":{"line":13,"column":13}},"loc":{"start":{"line":13,"column":38},"end":{"line":41,"column":1}},"line":13},"1":{"name":"(anonymous_1)","decl":{"start":{"line":43,"column":14},"end":{"line":43,"column":15}},"loc":{"start":{"line":43,"column":40},"end":{"line":72,"column":1}},"line":43},"2":{"name":"(anonymous_2)","decl":{"start":{"line":74,"column":15},"end":{"line":74,"column":16}},"loc":{"start":{"line":74,"column":41},"end":{"line":78,"column":1}},"line":74},"3":{"name":"(anonymous_3)","decl":{"start":{"line":80,"column":16},"end":{"line":80,"column":17}},"loc":{"start":{"line":80,"column":42},"end":{"line":93,"column":1}},"line":80},"4":{"name":"(anonymous_4)","decl":{"start":{"line":95,"column":19},"end":{"line":95,"column":20}},"loc":{"start":{"line":95,"column":45},"end":{"line":115,"column":1}},"line":95},"5":{"name":"(anonymous_5)","decl":{"start":{"line":117,"column":16},"end":{"line":117,"column":17}},"loc":{"start":{"line":117,"column":42},"end":{"line":132,"column":1}},"line":117},"6":{"name":"(anonymous_6)","decl":{"start":{"line":134,"column":27},"end":{"line":134,"column":28}},"loc":{"start":{"line":134,"column":50},"end":{"line":157,"column":1}},"line":134},"7":{"name":"(anonymous_7)","decl":{"start":{"line":159,"column":25},"end":{"line":159,"column":26}},"loc":{"start":{"line":159,"column":39},"end":{"line":165,"column":1}},"line":159}},"branchMap":{"0":{"loc":{"start":{"line":17,"column":4},"end":{"line":24,"column":5}},"type":"if","locations":[{"start":{"line":17,"column":4},"end":{"line":24,"column":5}},{"start":{"line":17,"column":4},"end":{"line":24,"column":5}}],"line":17},"1":{"loc":{"start":{"line":48,"column":4},"end":{"line":64,"column":5}},"type":"if","locations":[{"start":{"line":48,"column":4},"end":{"line":64,"column":5}},{"start":{"line":48,"column":4},"end":{"line":64,"column":5}}],"line":48}},"s":{"0":1,"1":1,"2":1,"3":1,"4":1,"5":1,"6":1,"7":1,"8":1,"9":1,"10":0,"11":0,"12":0,"13":0,"14":0,"15":0,"16":0,"17":0,"18":1,"19":0,"20":0,"21":0,"22":0,"23":0,"24":0,"25":0,"26":1,"27":0,"28":0,"29":0,"30":1,"31":0,"32":1,"33":0,"34":0,"35":0,"36":0,"37":0,"38":1,"39":0,"40":0,"41":0,"42":0,"43":0,"44":0,"45":1,"46":0,"47":0,"48":0,"49":0,"50":0,"51":0,"52":0,"53":0,"54":0,"55":1,"56":0,"57":0,"58":0,"59":1},"f":{"0":0,"1":0,"2":0,"3":0,"4":0,"5":0,"6":0,"7":0},"b":{"0":[0,0],"1":[0,0]},"_coverageSchema":"1a1c01bbd47fc00a2c39e90264f33305004495a9","hash":"7d4da5188c6098629ef8f20c685317a4e3164f6e"}
,"D:\\GoIT\\21\\HomeWorks\\NODE\\nodejs-homework-rest-api\\src\\helpers\\constants.js": {"path":"D:\\GoIT\\21\\HomeWorks\\NODE\\nodejs-homework-rest-api\\src\\helpers\\constants.js","statementMap":{"0":{"start":{"line":1,"column":17},"end":{"line":11,"column":1}},"1":{"start":{"line":13,"column":16},"end":{"line":13,"column":35}},"2":{"start":{"line":15,"column":12},"end":{"line":15,"column":38}},"3":{"start":{"line":17,"column":22},"end":{"line":17,"column":48}},"4":{"start":{"line":19,"column":12},"end":{"line":23,"column":1}},"5":{"start":{"line":25,"column":0},"end":{"line":25,"column":64}}},"fnMap":{},"branchMap":{},"s":{"0":2,"1":2,"2":2,"3":2,"4":2,"5":2},"f":{},"b":{},"_coverageSchema":"1a1c01bbd47fc00a2c39e90264f33305004495a9","hash":"e7fc32566f8f05d7bdc3e220c923e71a7af9714c"}
,"D:\\GoIT\\21\\HomeWorks\\NODE\\nodejs-homework-rest-api\\src\\helpers\\create-dir.js": {"path":"D:\\GoIT\\21\\HomeWorks\\NODE\\nodejs-homework-rest-api\\src\\helpers\\create-dir.js","statementMap":{"0":{"start":{"line":1,"column":11},"end":{"line":1,"column":33}},"1":{"start":{"line":3,"column":21},"end":{"line":8,"column":1}},"2":{"start":{"line":4,"column":2},"end":{"line":7,"column":24}},"3":{"start":{"line":6,"column":16},"end":{"line":6,"column":20}},"4":{"start":{"line":7,"column":17},"end":{"line":7,"column":22}},"5":{"start":{"line":10,"column":28},"end":{"line":14,"column":1}},"6":{"start":{"line":11,"column":2},"end":{"line":13,"column":3}},"7":{"start":{"line":12,"column":4},"end":{"line":12,"column":27}},"8":{"start":{"line":16,"column":0},"end":{"line":16,"column":37}}},"fnMap":{"0":{"name":"(anonymous_0)","decl":{"start":{"line":3,"column":21},"end":{"line":3,"column":22}},"loc":{"start":{"line":3,"column":29},"end":{"line":8,"column":1}},"line":3},"1":{"name":"(anonymous_1)","decl":{"start":{"line":6,"column":10},"end":{"line":6,"column":11}},"loc":{"start":{"line":6,"column":16},"end":{"line":6,"column":20}},"line":6},"2":{"name":"(anonymous_2)","decl":{"start":{"line":7,"column":11},"end":{"line":7,"column":12}},"loc":{"start":{"line":7,"column":17},"end":{"line":7,"column":22}},"line":7},"3":{"name":"(anonymous_3)","decl":{"start":{"line":10,"column":28},"end":{"line":10,"column":29}},"loc":{"start":{"line":10,"column":44},"end":{"line":14,"column":1}},"line":10}},"branchMap":{"0":{"loc":{"start":{"line":11,"column":2},"end":{"line":13,"column":3}},"type":"if","locations":[{"start":{"line":11,"column":2},"end":{"line":13,"column":3}},{"start":{"line":11,"column":2},"end":{"line":13,"column":3}}],"line":11}},"s":{"0":1,"1":1,"2":0,"3":0,"4":0,"5":1,"6":0,"7":0,"8":1},"f":{"0":0,"1":0,"2":0,"3":0},"b":{"0":[0,0]},"_coverageSchema":"1a1c01bbd47fc00a2c39e90264f33305004495a9","hash":"13eac1d12c682aae6a12b351f9b3c6371015eb31"}
,"D:\\GoIT\\21\\HomeWorks\\NODE\\nodejs-homework-rest-api\\src\\helpers\\rate-limit.js": {"path":"D:\\GoIT\\21\\HomeWorks\\NODE\\nodejs-homework-rest-api\\src\\helpers\\rate-limit.js","statementMap":{"0":{"start":{"line":1,"column":18},"end":{"line":1,"column":47}},"1":{"start":{"line":2,"column":21},"end":{"line":2,"column":43}},"2":{"start":{"line":3,"column":36},"end":{"line":3,"column":72}},"3":{"start":{"line":6,"column":19},"end":{"line":16,"column":2}},"4":{"start":{"line":10,"column":4},"end":{"line":14,"column":7}},"5":{"start":{"line":19,"column":29},"end":{"line":30,"column":2}},"6":{"start":{"line":23,"column":4},"end":{"line":28,"column":7}},"7":{"start":{"line":32,"column":0},"end":{"line":32,"column":54}}},"fnMap":{"0":{"name":"(anonymous_0)","decl":{"start":{"line":9,"column":11},"end":{"line":9,"column":12}},"loc":{"start":{"line":9,"column":31},"end":{"line":15,"column":3}},"line":9},"1":{"name":"(anonymous_1)","decl":{"start":{"line":22,"column":11},"end":{"line":22,"column":12}},"loc":{"start":{"line":22,"column":31},"end":{"line":29,"column":3}},"line":22}},"branchMap":{},"s":{"0":1,"1":1,"2":1,"3":1,"4":0,"5":1,"6":0,"7":1},"f":{"0":0,"1":0},"b":{},"_coverageSchema":"1a1c01bbd47fc00a2c39e90264f33305004495a9","hash":"1ea9d282a3f77ec4221dd99b1f012803bbff02a3"}
,"D:\\GoIT\\21\\HomeWorks\\NODE\\nodejs-homework-rest-api\\src\\helpers\\upload.js": {"path":"D:\\GoIT\\21\\HomeWorks\\NODE\\nodejs-homework-rest-api\\src\\helpers\\upload.js","statementMap":{"0":{"start":{"line":1,"column":15},"end":{"line":1,"column":32}},"1":{"start":{"line":2,"column":13},"end":{"line":2,"column":28}},"2":{"start":{"line":4,"column":16},"end":{"line":4,"column":38}},"3":{"start":{"line":6,"column":24},"end":{"line":6,"column":60}},"4":{"start":{"line":8,"column":16},"end":{"line":17,"column":2}},"5":{"start":{"line":11,"column":4},"end":{"line":11,"column":30}},"6":{"start":{"line":15,"column":4},"end":{"line":15,"column":32}},"7":{"start":{"line":19,"column":15},"end":{"line":29,"column":2}},"8":{"start":{"line":23,"column":4},"end":{"line":26,"column":5}},"9":{"start":{"line":24,"column":6},"end":{"line":24,"column":21}},"10":{"start":{"line":25,"column":6},"end":{"line":25,"column":13}},"11":{"start":{"line":27,"column":4},"end":{"line":27,"column":20}},"12":{"start":{"line":31,"column":0},"end":{"line":31,"column":24}}},"fnMap":{"0":{"name":"(anonymous_0)","decl":{"start":{"line":10,"column":15},"end":{"line":10,"column":16}},"loc":{"start":{"line":10,"column":40},"end":{"line":12,"column":3}},"line":10},"1":{"name":"(anonymous_1)","decl":{"start":{"line":14,"column":12},"end":{"line":14,"column":13}},"loc":{"start":{"line":14,"column":37},"end":{"line":16,"column":3}},"line":14},"2":{"name":"(anonymous_2)","decl":{"start":{"line":22,"column":14},"end":{"line":22,"column":15}},"loc":{"start":{"line":22,"column":33},"end":{"line":28,"column":3}},"line":22}},"branchMap":{"0":{"loc":{"start":{"line":23,"column":4},"end":{"line":26,"column":5}},"type":"if","locations":[{"start":{"line":23,"column":4},"end":{"line":26,"column":5}},{"start":{"line":23,"column":4},"end":{"line":26,"column":5}}],"line":23}},"s":{"0":1,"1":1,"2":1,"3":1,"4":1,"5":0,"6":0,"7":1,"8":0,"9":0,"10":0,"11":0,"12":1},"f":{"0":0,"1":0,"2":0},"b":{"0":[0,0]},"_coverageSchema":"1a1c01bbd47fc00a2c39e90264f33305004495a9","hash":"46fd524239331c7c014d6370d0035d4964e2f8de"}
,"D:\\GoIT\\21\\HomeWorks\\NODE\\nodejs-homework-rest-api\\src\\validation\\contacts.js": {"path":"D:\\GoIT\\21\\HomeWorks\\NODE\\nodejs-homework-rest-api\\src\\validation\\contacts.js","statementMap":{"0":{"start":{"line":1,"column":17},"end":{"line":1,"column":36}},"1":{"start":{"line":2,"column":12},"end":{"line":2,"column":26}},"2":{"start":{"line":3,"column":45},"end":{"line":3,"column":76}},"3":{"start":{"line":5,"column":28},"end":{"line":21,"column":2}},"4":{"start":{"line":23,"column":28},"end":{"line":39,"column":9}},"5":{"start":{"line":41,"column":17},"end":{"line":52,"column":1}},"6":{"start":{"line":42,"column":20},"end":{"line":42,"column":41}},"7":{"start":{"line":43,"column":2},"end":{"line":50,"column":3}},"8":{"start":{"line":44,"column":26},"end":{"line":44,"column":39}},"9":{"start":{"line":45,"column":4},"end":{"line":49,"column":7}},"10":{"start":{"line":51,"column":2},"end":{"line":51,"column":9}},"11":{"start":{"line":54,"column":0},"end":{"line":56,"column":2}},"12":{"start":{"line":55,"column":2},"end":{"line":55,"column":55}},"13":{"start":{"line":58,"column":0},"end":{"line":60,"column":2}},"14":{"start":{"line":59,"column":2},"end":{"line":59,"column":55}},"15":{"start":{"line":62,"column":0},"end":{"line":73,"column":2}},"16":{"start":{"line":63,"column":24},"end":{"line":63,"column":34}},"17":{"start":{"line":65,"column":2},"end":{"line":71,"column":3}},"18":{"start":{"line":66,"column":4},"end":{"line":70,"column":7}},"19":{"start":{"line":72,"column":2},"end":{"line":72,"column":9}}},"fnMap":{"0":{"name":"(anonymous_0)","decl":{"start":{"line":41,"column":17},"end":{"line":41,"column":18}},"loc":{"start":{"line":41,"column":41},"end":{"line":52,"column":1}},"line":41},"1":{"name":"(anonymous_1)","decl":{"start":{"line":54,"column":39},"end":{"line":54,"column":40}},"loc":{"start":{"line":54,"column":60},"end":{"line":56,"column":1}},"line":54},"2":{"name":"(anonymous_2)","decl":{"start":{"line":58,"column":39},"end":{"line":58,"column":40}},"loc":{"start":{"line":58,"column":60},"end":{"line":60,"column":1}},"line":58},"3":{"name":"(anonymous_3)","decl":{"start":{"line":62,"column":28},"end":{"line":62,"column":29}},"loc":{"start":{"line":62,"column":49},"end":{"line":73,"column":1}},"line":62}},"branchMap":{"0":{"loc":{"start":{"line":43,"column":2},"end":{"line":50,"column":3}},"type":"if","locations":[{"start":{"line":43,"column":2},"end":{"line":50,"column":3}},{"start":{"line":43,"column":2},"end":{"line":50,"column":3}}],"line":43},"1":{"loc":{"start":{"line":65,"column":2},"end":{"line":71,"column":3}},"type":"if","locations":[{"start":{"line":65,"column":2},"end":{"line":71,"column":3}},{"start":{"line":65,"column":2},"end":{"line":71,"column":3}}],"line":65}},"s":{"0":1,"1":1,"2":1,"3":1,"4":1,"5":1,"6":8,"7":8,"8":5,"9":5,"10":3,"11":1,"12":5,"13":1,"14":3,"15":1,"16":11,"17":11,"18":3,"19":8},"f":{"0":8,"1":5,"2":3,"3":11},"b":{"0":[5,3],"1":[3,8]},"_coverageSchema":"1a1c01bbd47fc00a2c39e90264f33305004495a9","hash":"99857544da6ee3c344b07971a940b55aae3d8851"}
,"D:\\GoIT\\21\\HomeWorks\\NODE\\nodejs-homework-rest-api\\src\\validation\\users.js": {"path":"D:\\GoIT\\21\\HomeWorks\\NODE\\nodejs-homework-rest-api\\src\\validation\\users.js","statementMap":{"0":{"start":{"line":1,"column":12},"end":{"line":1,"column":26}},"1":{"start":{"line":7,"column":4},"end":{"line":7,"column":35}},"2":{"start":{"line":9,"column":27},"end":{"line":23,"column":2}},"3":{"start":{"line":25,"column":24},"end":{"line":33,"column":2}},"4":{"start":{"line":35,"column":25},"end":{"line":42,"column":9}},"5":{"start":{"line":44,"column":17},"end":{"line":54,"column":1}},"6":{"start":{"line":45,"column":20},"end":{"line":45,"column":41}},"7":{"start":{"line":46,"column":2},"end":{"line":52,"column":3}},"8":{"start":{"line":47,"column":26},"end":{"line":47,"column":39}},"9":{"start":{"line":48,"column":4},"end":{"line":51,"column":7}},"10":{"start":{"line":53,"column":2},"end":{"line":53,"column":9}},"11":{"start":{"line":56,"column":0},"end":{"line":58,"column":2}},"12":{"start":{"line":57,"column":2},"end":{"line":57,"column":54}},"13":{"start":{"line":60,"column":0},"end":{"line":62,"column":2}},"14":{"start":{"line":61,"column":2},"end":{"line":61,"column":51}},"15":{"start":{"line":64,"column":0},"end":{"line":66,"column":2}},"16":{"start":{"line":65,"column":2},"end":{"line":65,"column":52}},"17":{"start":{"line":68,"column":0},"end":{"line":77,"column":2}},"18":{"start":{"line":69,"column":2},"end":{"line":75,"column":3}},"19":{"start":{"line":70,"column":4},"end":{"line":74,"column":7}},"20":{"start":{"line":76,"column":2},"end":{"line":76,"column":9}}},"fnMap":{"0":{"name":"(anonymous_0)","decl":{"start":{"line":44,"column":17},"end":{"line":44,"column":18}},"loc":{"start":{"line":44,"column":41},"end":{"line":54,"column":1}},"line":44},"1":{"name":"(anonymous_1)","decl":{"start":{"line":56,"column":38},"end":{"line":56,"column":39}},"loc":{"start":{"line":56,"column":59},"end":{"line":58,"column":1}},"line":56},"2":{"name":"(anonymous_2)","decl":{"start":{"line":60,"column":35},"end":{"line":60,"column":36}},"loc":{"start":{"line":60,"column":56},"end":{"line":62,"column":1}},"line":60},"3":{"name":"(anonymous_3)","decl":{"start":{"line":64,"column":36},"end":{"line":64,"column":37}},"loc":{"start":{"line":64,"column":57},"end":{"line":66,"column":1}},"line":64},"4":{"name":"(anonymous_4)","decl":{"start":{"line":68,"column":38},"end":{"line":68,"column":39}},"loc":{"start":{"line":68,"column":58},"end":{"line":77,"column":1}},"line":68}},"branchMap":{"0":{"loc":{"start":{"line":46,"column":2},"end":{"line":52,"column":3}},"type":"if","locations":[{"start":{"line":46,"column":2},"end":{"line":52,"column":3}},{"start":{"line":46,"column":2},"end":{"line":52,"column":3}}],"line":46},"1":{"loc":{"start":{"line":69,"column":2},"end":{"line":75,"column":3}},"type":"if","locations":[{"start":{"line":69,"column":2},"end":{"line":75,"column":3}},{"start":{"line":69,"column":2},"end":{"line":75,"column":3}}],"line":69}},"s":{"0":1,"1":1,"2":1,"3":1,"4":1,"5":1,"6":0,"7":0,"8":0,"9":0,"10":0,"11":1,"12":0,"13":1,"14":0,"15":1,"16":0,"17":1,"18":0,"19":0,"20":0},"f":{"0":0,"1":0,"2":0,"3":0,"4":0},"b":{"0":[0,0],"1":[0,0]},"_coverageSchema":"1a1c01bbd47fc00a2c39e90264f33305004495a9","hash":"0d7c7635fb5db1bb5408882be438f1f74e3d659e"}
}
