TN:
SF:app.js
FN:33,(anonymous_0)
FN:41,(anonymous_1)
FNF:2
FNH:1
FNDA:0,(anonymous_0)
FNDA:12,(anonymous_1)
DA:1,1
DA:2,1
DA:3,1
DA:4,1
DA:5,1
DA:6,1
DA:8,1
DA:9,1
DA:10,1
DA:11,1
DA:12,1
DA:14,1
DA:19,1
DA:20,1
DA:22,1
DA:23,1
DA:24,1
DA:25,1
DA:26,1
DA:27,1
DA:29,1
DA:30,1
DA:31,1
DA:33,1
DA:34,0
DA:41,1
DA:42,12
DA:43,12
DA:51,1
LF:29
LH:28
BRDA:22,0,0,0
BRDA:22,0,1,1
BRDA:42,1,0,12
BRDA:42,1,1,0
BRDA:44,2,0,0
BRDA:44,2,1,12
BRDA:47,3,0,0
BRDA:47,3,1,12
BRF:8
BRH:4
end_of_record
TN:
SF:src\api\contacts\index.js
FNF:0
FNH:0
DA:1,1
DA:2,1
DA:3,1
DA:8,1
DA:9,1
DA:11,1
DA:29,1
LF:7
LH:7
BRF:0
BRH:0
end_of_record
TN:
SF:src\api\users\index.js
FNF:0
FNH:0
DA:1,1
DA:2,1
DA:3,1
DA:10,1
DA:11,1
DA:13,1
DA:14,1
DA:16,1
DA:25,1
DA:29,1
DA:35,1
LF:11
LH:11
BRF:0
BRH:0
end_of_record
TN:
SF:src\controllers\contacts.js
FN:5,(anonymous_0)
FN:24,(anonymous_1)
FN:49,(anonymous_2)
FN:70,(anonymous_3)
FN:95,(anonymous_4)
FNF:5
FNH:5
FNDA:3,(anonymous_0)
FNDA:4,(anonymous_1)
FNDA:2,(anonymous_2)
FNDA:4,(anonymous_3)
FNDA:5,(anonymous_4)
DA:1,2
DA:2,2
DA:3,2
DA:5,2
DA:6,3
DA:7,3
DA:8,2
DA:10,2
DA:11,2
DA:20,1
DA:24,2
DA:25,4
DA:26,4
DA:27,4
DA:28,4
DA:29,2
DA:38,2
DA:45,0
DA:49,2
DA:50,2
DA:51,2
DA:52,2
DA:57,2
DA:66,0
DA:70,2
DA:71,4
DA:72,4
DA:73,4
DA:74,4
DA:75,2
DA:84,2
DA:91,0
DA:95,2
DA:96,5
DA:97,5
DA:98,5
DA:99,5
DA:100,2
DA:113,3
DA:120,0
DA:124,2
LF:41
LH:37
BRDA:10,0,0,2
BRDA:10,0,1,0
BRDA:28,1,0,2
BRDA:28,1,1,2
BRDA:74,2,0,2
BRDA:74,2,1,2
BRDA:99,3,0,2
BRDA:99,3,1,3
BRF:8
BRH:7
end_of_record
TN:
SF:src\controllers\users.js
FN:13,(anonymous_0)
FN:43,(anonymous_1)
FN:74,(anonymous_2)
FN:80,(anonymous_3)
FN:95,(anonymous_4)
FN:117,(anonymous_5)
FN:134,(anonymous_6)
FN:159,(anonymous_7)
FNF:8
FNH:0
FNDA:0,(anonymous_0)
FNDA:0,(anonymous_1)
FNDA:0,(anonymous_2)
FNDA:0,(anonymous_3)
FNDA:0,(anonymous_4)
FNDA:0,(anonymous_5)
FNDA:0,(anonymous_6)
FNDA:0,(anonymous_7)
DA:1,1
DA:2,1
DA:3,1
DA:4,1
DA:6,1
DA:7,1
DA:8,1
DA:10,1
DA:11,1
DA:13,1
DA:14,0
DA:15,0
DA:16,0
DA:17,0
DA:18,0
DA:25,0
DA:26,0
DA:39,0
DA:43,1
DA:44,0
DA:45,0
DA:47,0
DA:48,0
DA:49,0
DA:65,0
DA:70,0
DA:74,1
DA:75,0
DA:76,0
DA:77,0
DA:80,1
DA:81,0
DA:95,1
DA:96,0
DA:97,0
DA:98,0
DA:100,0
DA:113,0
DA:117,1
DA:118,0
DA:119,0
DA:120,0
DA:121,0
DA:122,0
DA:130,0
DA:134,1
DA:135,0
DA:136,0
DA:137,0
DA:138,0
DA:144,0
DA:146,0
DA:151,0
DA:155,0
DA:156,0
DA:159,1
DA:160,0
DA:161,0
DA:163,0
DA:167,1
LF:60
LH:18
BRDA:17,0,0,0
BRDA:17,0,1,0
BRDA:48,1,0,0
BRDA:48,1,1,0
BRF:4
BRH:0
end_of_record
TN:
SF:src\helpers\constants.js
FNF:0
FNH:0
DA:1,2
DA:13,2
DA:15,2
DA:17,2
DA:19,2
DA:25,2
LF:6
LH:6
BRF:0
BRH:0
end_of_record
TN:
SF:src\helpers\create-dir.js
FN:3,(anonymous_0)
FN:6,(anonymous_1)
FN:7,(anonymous_2)
FN:10,(anonymous_3)
FNF:4
FNH:0
FNDA:0,(anonymous_0)
FNDA:0,(anonymous_1)
FNDA:0,(anonymous_2)
FNDA:0,(anonymous_3)
DA:1,1
DA:3,1
DA:4,0
DA:6,0
DA:7,0
DA:10,1
DA:11,0
DA:12,0
DA:16,1
LF:9
LH:4
BRDA:11,0,0,0
BRDA:11,0,1,0
BRF:2
BRH:0
end_of_record
TN:
SF:src\helpers\rate-limit.js
FN:9,(anonymous_0)
FN:22,(anonymous_1)
FNF:2
FNH:0
FNDA:0,(anonymous_0)
FNDA:0,(anonymous_1)
DA:1,1
DA:2,1
DA:3,1
DA:6,1
DA:10,0
DA:19,1
DA:23,0
DA:32,1
LF:8
LH:6
BRF:0
BRH:0
end_of_record
TN:
SF:src\helpers\upload.js
FN:10,(anonymous_0)
FN:14,(anonymous_1)
FN:22,(anonymous_2)
FNF:3
FNH:0
FNDA:0,(anonymous_0)
FNDA:0,(anonymous_1)
FNDA:0,(anonymous_2)
DA:1,1
DA:2,1
DA:4,1
DA:6,1
DA:8,1
DA:11,0
DA:15,0
DA:19,1
DA:23,0
DA:24,0
DA:25,0
DA:27,0
DA:31,1
LF:13
LH:7
BRDA:23,0,0,0
BRDA:23,0,1,0
BRF:2
BRH:0
end_of_record
TN:
SF:src\validation\contacts.js
FN:41,(anonymous_0)
FN:54,(anonymous_1)
FN:58,(anonymous_2)
FN:62,(anonymous_3)
FNF:4
FNH:4
FNDA:8,(anonymous_0)
FNDA:5,(anonymous_1)
FNDA:3,(anonymous_2)
FNDA:11,(anonymous_3)
DA:1,1
DA:2,1
DA:3,1
DA:5,1
DA:23,1
DA:41,1
DA:42,8
DA:43,8
DA:44,5
DA:45,5
DA:51,3
DA:54,1
DA:55,5
DA:58,1
DA:59,3
DA:62,1
DA:63,11
DA:65,11
DA:66,3
DA:72,8
LF:20
LH:20
BRDA:43,0,0,5
BRDA:43,0,1,3
BRDA:65,1,0,3
BRDA:65,1,1,8
BRF:4
BRH:4
end_of_record
TN:
SF:src\validation\users.js
FN:44,(anonymous_0)
FN:56,(anonymous_1)
FN:60,(anonymous_2)
FN:64,(anonymous_3)
FN:68,(anonymous_4)
FNF:5
FNH:0
FNDA:0,(anonymous_0)
FNDA:0,(anonymous_1)
FNDA:0,(anonymous_2)
FNDA:0,(anonymous_3)
FNDA:0,(anonymous_4)
DA:1,1
DA:7,1
DA:9,1
DA:25,1
DA:35,1
DA:44,1
DA:45,0
DA:46,0
DA:47,0
DA:48,0
DA:53,0
DA:56,1
DA:57,0
DA:60,1
DA:61,0
DA:64,1
DA:65,0
DA:68,1
DA:69,0
DA:70,0
DA:76,0
LF:21
LH:10
BRDA:46,0,0,0
BRDA:46,0,1,0
BRDA:69,1,0,0
BRDA:69,1,1,0
BRF:4
BRH:0
end_of_record
