TN:
SF:src\controllers\contacts.js
FN:5,(anonymous_0)
FN:24,(anonymous_1)
FN:49,(anonymous_2)
FN:70,(anonymous_3)
FN:95,(anonymous_4)
FNF:5
FNH:5
FNDA:2,(anonymous_0)
FNDA:2,(anonymous_1)
FNDA:1,(anonymous_2)
FNDA:2,(anonymous_3)
FNDA:2,(anonymous_4)
DA:1,1
DA:2,1
DA:3,1
DA:5,1
DA:6,2
DA:7,2
DA:8,1
DA:10,1
DA:11,1
DA:20,1
DA:24,1
DA:25,2
DA:26,2
DA:27,2
DA:28,2
DA:29,1
DA:38,1
DA:45,0
DA:49,1
DA:50,1
DA:51,1
DA:52,1
DA:57,1
DA:66,0
DA:70,1
DA:71,2
DA:72,2
DA:73,2
DA:74,2
DA:75,1
DA:84,1
DA:91,0
DA:95,1
DA:96,2
DA:97,2
DA:98,2
DA:99,2
DA:100,1
DA:113,1
DA:120,0
DA:124,1
LF:41
LH:37
BRDA:10,0,0,1
BRDA:10,0,1,0
BRDA:28,1,0,1
BRDA:28,1,1,1
BRDA:74,2,0,1
BRDA:74,2,1,1
BRDA:99,3,0,1
BRDA:99,3,1,1
BRF:8
BRH:7
end_of_record
TN:
SF:src\helpers\constants.js
FNF:0
FNH:0
DA:1,1
DA:13,1
DA:15,1
DA:17,1
DA:19,1
DA:25,1
LF:6
LH:6
BRF:0
BRH:0
end_of_record
